Started GET "/" for 127.0.0.1 at 2023-04-18 11:24:22 -0300
Processing by Rails::WelcomeController#index as HTML
  Rendering /home/alessandro/.asdf/installs/ruby/3.0.2/lib/ruby/gems/3.0.0/gems/railties-7.0.4.3/lib/rails/templates/rails/welcome/index.html.erb
  Rendered /home/alessandro/.asdf/installs/ruby/3.0.2/lib/ruby/gems/3.0.0/gems/railties-7.0.4.3/lib/rails/templates/rails/welcome/index.html.erb (Duration: 1.5ms | Allocations: 931)
Completed 200 OK in 13ms (Views: 5.2ms | ActiveRecord: 0.0ms | Allocations: 7980)


Started GET "/welcome/" for 127.0.0.1 at 2023-04-18 11:24:26 -0300
  
ActionController::RoutingError (No route matches [GET] "/welcome"):
  
Started GET "/welcome/index" for 127.0.0.1 at 2023-04-18 11:24:35 -0300
Processing by WelcomeController#index as HTML
  Rendering layout layouts/application.html.erb
  Rendering welcome/index.html.erb within layouts/application
  Rendered welcome/index.html.erb within layouts/application (Duration: 0.3ms | Allocations: 139)
  Rendered layout layouts/application.html.erb (Duration: 439.4ms | Allocations: 98714)
Completed 200 OK in 441ms (Views: 440.5ms | ActiveRecord: 0.0ms | Allocations: 99952)


Started GET "/" for 127.0.0.1 at 2023-04-18 11:25:35 -0300
Processing by WelcomeController#index as HTML
  Rendering layout layouts/application.html.erb
  Rendering welcome/index.html.erb within layouts/application
  Rendered welcome/index.html.erb within layouts/application (Duration: 0.1ms | Allocations: 12)
  Rendered layout layouts/application.html.erb (Duration: 9.1ms | Allocations: 14405)
Completed 200 OK in 10ms (Views: 10.0ms | Allocations: 15259)


Started GET "/" for 127.0.0.1 at 2023-04-18 11:38:29 -0300
Processing by WelcomeController#index as HTML
  Rendering layout layouts/application.html.erb
  Rendering welcome/index.html.erb within layouts/application
  Rendered welcome/index.html.erb within layouts/application (Duration: 0.0ms | Allocations: 12)
  Rendered layout layouts/application.html.erb (Duration: 13.0ms | Allocations: 14476)
Completed 200 OK in 14ms (Views: 13.9ms | Allocations: 15332)


Started GET "/inicio" for 127.0.0.1 at 2023-04-18 11:38:34 -0300
Processing by WelcomeController#index as HTML
  Rendering layout layouts/application.html.erb
  Rendering welcome/index.html.erb within layouts/application
  Rendered welcome/index.html.erb within layouts/application (Duration: 0.1ms | Allocations: 7)
  Rendered layout layouts/application.html.erb (Duration: 5.3ms | Allocations: 2369)
Completed 200 OK in 7ms (Views: 6.0ms | Allocations: 2698)


Started GET "/" for 127.0.0.1 at 2023-04-18 14:12:08 -0300
Processing by WelcomeController#index as HTML
Filter chain halted as #<Proc:0x00007fc7d89d2f90 /home/alessandro/.asdf/installs/ruby/3.0.2/lib/ruby/gems/3.0.0/gems/actionpack-7.0.4.3/lib/action_controller/metal/http_authentication.rb:79> rendered or redirected
Completed 401 Unauthorized in 44ms (ActiveRecord: 0.0ms | Allocations: 2912)


Started GET "/" for 127.0.0.1 at 2023-04-18 14:12:14 -0300
Processing by WelcomeController#index as HTML
  Rendering layout layouts/application.html.erb
  Rendering welcome/index.html.erb within layouts/application
  Rendered welcome/index.html.erb within layouts/application (Duration: 1.8ms | Allocations: 454)
  Rendered layout layouts/application.html.erb (Duration: 211.4ms | Allocations: 101287)
Completed 200 OK in 243ms (Views: 224.7ms | ActiveRecord: 0.0ms | Allocations: 104623)


Started GET "/" for 127.0.0.1 at 2023-04-18 14:12:33 -0300
Processing by WelcomeController#index as HTML
  Rendering layout layouts/application.html.erb
  Rendering welcome/index.html.erb within layouts/application
  Rendered welcome/index.html.erb within layouts/application (Duration: 0.0ms | Allocations: 7)
  Rendered layout layouts/application.html.erb (Duration: 4.5ms | Allocations: 2380)
Completed 200 OK in 6ms (Views: 5.1ms | ActiveRecord: 0.0ms | Allocations: 2762)


Started GET "/" for 127.0.0.1 at 2023-04-18 14:12:38 -0300
Processing by WelcomeController#index as HTML
  Rendering layout layouts/application.html.erb
  Rendering welcome/index.html.erb within layouts/application
  Rendered welcome/index.html.erb within layouts/application (Duration: 0.1ms | Allocations: 7)
  Rendered layout layouts/application.html.erb (Duration: 7.4ms | Allocations: 2364)
Completed 200 OK in 10ms (Views: 9.1ms | ActiveRecord: 0.0ms | Allocations: 2698)


Started GET "/" for 127.0.0.1 at 2023-04-18 14:13:00 -0300
Processing by WelcomeController#index as HTML
Filter chain halted as #<Proc:0x00007fc7d89d2f90 /home/alessandro/.asdf/installs/ruby/3.0.2/lib/ruby/gems/3.0.0/gems/actionpack-7.0.4.3/lib/action_controller/metal/http_authentication.rb:79> rendered or redirected
Completed 401 Unauthorized in 1ms (ActiveRecord: 0.0ms | Allocations: 101)


  [1m[35m (534.4ms)[0m  [1m[35mCREATE TABLE "schema_migrations" ("version" varchar NOT NULL PRIMARY KEY)[0m
  [1m[35m (106.1ms)[0m  [1m[35mCREATE TABLE "ar_internal_metadata" ("key" varchar NOT NULL PRIMARY KEY, "value" varchar, "created_at" datetime(6) NOT NULL, "updated_at" datetime(6) NOT NULL)[0m
  [1m[36mActiveRecord::SchemaMigration Pluck (0.2ms)[0m  [1m[34mSELECT "schema_migrations"."version" FROM "schema_migrations" ORDER BY "schema_migrations"."version" ASC[0m
Migrating to DeviseCreateAdmins (20230418175102)
  [1m[36mTRANSACTION (0.1ms)[0m  [1m[36mbegin transaction[0m
  [1m[35m (0.8ms)[0m  [1m[35mCREATE TABLE "admins" ("id" integer PRIMARY KEY AUTOINCREMENT NOT NULL, "email" varchar DEFAULT '' NOT NULL, "encrypted_password" varchar DEFAULT '' NOT NULL, "reset_password_token" varchar, "reset_password_sent_at" datetime(6), "remember_created_at" datetime(6), "created_at" datetime(6) NOT NULL, "updated_at" datetime(6) NOT NULL)[0m
  [1m[35m (0.2ms)[0m  [1m[35mCREATE UNIQUE INDEX "index_admins_on_email" ON "admins" ("email")[0m
  [1m[35m (0.2ms)[0m  [1m[35mCREATE UNIQUE INDEX "index_admins_on_reset_password_token" ON "admins" ("reset_password_token")[0m
  [1m[36mActiveRecord::SchemaMigration Create (1.3ms)[0m  [1m[32mINSERT INTO "schema_migrations" ("version") VALUES (?)[0m  [["version", "20230418175102"]]
  [1m[36mTRANSACTION (131.1ms)[0m  [1m[36mcommit transaction[0m
Migrating to DeviseCreateProfiles (20230418175114)
  [1m[36mTRANSACTION (0.1ms)[0m  [1m[36mbegin transaction[0m
  [1m[35m (0.6ms)[0m  [1m[35mCREATE TABLE "profiles" ("id" integer PRIMARY KEY AUTOINCREMENT NOT NULL, "email" varchar DEFAULT '' NOT NULL, "encrypted_password" varchar DEFAULT '' NOT NULL, "reset_password_token" varchar, "reset_password_sent_at" datetime(6), "remember_created_at" datetime(6), "created_at" datetime(6) NOT NULL, "updated_at" datetime(6) NOT NULL)[0m
  [1m[35m (0.2ms)[0m  [1m[35mCREATE UNIQUE INDEX "index_profiles_on_email" ON "profiles" ("email")[0m
  [1m[35m (0.2ms)[0m  [1m[35mCREATE UNIQUE INDEX "index_profiles_on_reset_password_token" ON "profiles" ("reset_password_token")[0m
  [1m[36mActiveRecord::SchemaMigration Create (0.2ms)[0m  [1m[32mINSERT INTO "schema_migrations" ("version") VALUES (?)[0m  [["version", "20230418175114"]]
  [1m[36mTRANSACTION (122.9ms)[0m  [1m[36mcommit transaction[0m
  [1m[36mActiveRecord::InternalMetadata Load (0.2ms)[0m  [1m[34mSELECT "ar_internal_metadata".* FROM "ar_internal_metadata" WHERE "ar_internal_metadata"."key" = ? LIMIT ?[0m  [["key", "environment"], ["LIMIT", 1]]
  [1m[36mTRANSACTION (0.1ms)[0m  [1m[36mbegin transaction[0m
  [1m[36mActiveRecord::InternalMetadata Create (0.4ms)[0m  [1m[32mINSERT INTO "ar_internal_metadata" ("key", "value", "created_at", "updated_at") VALUES (?, ?, ?, ?)[0m  [["key", "environment"], ["value", "development"], ["created_at", "2023-04-18 18:01:03.323877"], ["updated_at", "2023-04-18 18:01:03.323877"]]
  [1m[36mTRANSACTION (83.8ms)[0m  [1m[36mcommit transaction[0m
  [1m[36mActiveRecord::SchemaMigration Pluck (0.2ms)[0m  [1m[34mSELECT "schema_migrations"."version" FROM "schema_migrations" ORDER BY "schema_migrations"."version" ASC[0m
Started GET "/" for 127.0.0.1 at 2023-04-18 15:01:14 -0300
  [1m[36mActiveRecord::SchemaMigration Pluck (0.3ms)[0m  [1m[34mSELECT "schema_migrations"."version" FROM "schema_migrations" ORDER BY "schema_migrations"."version" ASC[0m
Processing by WelcomeController#index as HTML
  Rendering layout layouts/application.html.erb
  Rendering welcome/index.html.erb within layouts/application
  Rendered welcome/index.html.erb within layouts/application (Duration: 1.1ms | Allocations: 456)
  Rendered layout layouts/application.html.erb (Duration: 122.4ms | Allocations: 35973)
Completed 200 OK in 130ms (Views: 124.9ms | ActiveRecord: 0.0ms | Allocations: 42113)


Started GET "/admins/" for 127.0.0.1 at 2023-04-18 15:01:20 -0300
  
ActionController::RoutingError (No route matches [GET] "/admins"):
  
Started GET "/" for 127.0.0.1 at 2023-04-18 15:01:32 -0300
Processing by WelcomeController#index as HTML
  Rendering layout layouts/application.html.erb
  Rendering welcome/index.html.erb within layouts/application
  Rendered welcome/index.html.erb within layouts/application (Duration: 0.0ms | Allocations: 7)
  Rendered layout layouts/application.html.erb (Duration: 4.1ms | Allocations: 2569)
Completed 200 OK in 5ms (Views: 5.0ms | ActiveRecord: 0.0ms | Allocations: 2955)


Started GET "/" for 127.0.0.1 at 2023-04-18 15:01:33 -0300
Processing by WelcomeController#index as HTML
  Rendering layout layouts/application.html.erb
  Rendering welcome/index.html.erb within layouts/application
  Rendered welcome/index.html.erb within layouts/application (Duration: 0.1ms | Allocations: 7)
  Rendered layout layouts/application.html.erb (Duration: 39.1ms | Allocations: 2384)
Completed 200 OK in 40ms (Views: 39.7ms | ActiveRecord: 0.0ms | Allocations: 2723)


Started GET "/" for 127.0.0.1 at 2023-04-18 15:01:52 -0300
  [1m[36mActiveRecord::SchemaMigration Pluck (0.2ms)[0m  [1m[34mSELECT "schema_migrations"."version" FROM "schema_migrations" ORDER BY "schema_migrations"."version" ASC[0m
Processing by WelcomeController#index as HTML
  Rendering layout layouts/application.html.erb
  Rendering welcome/index.html.erb within layouts/application
  Rendered welcome/index.html.erb within layouts/application (Duration: 0.7ms | Allocations: 456)
  Rendered layout layouts/application.html.erb (Duration: 51.9ms | Allocations: 36050)
Completed 200 OK in 59ms (Views: 54.3ms | ActiveRecord: 0.0ms | Allocations: 42135)


Started GET "/admins/sign_in" for 127.0.0.1 at 2023-04-18 15:02:37 -0300
Processing by Devise::SessionsController#new as HTML
  Rendering layout layouts/application.html.erb
  Rendering admins/sessions/new.html.erb within layouts/application
  Rendered admins/shared/_links.html.erb (Duration: 3.3ms | Allocations: 992)
  Rendered admins/sessions/new.html.erb within layouts/application (Duration: 168.5ms | Allocations: 10431)
  Rendered layout layouts/application.html.erb (Duration: 175.9ms | Allocations: 12809)
Completed 200 OK in 222ms (Views: 178.9ms | ActiveRecord: 1.1ms | Allocations: 32888)


Started GET "/admins/sign_in" for 127.0.0.1 at 2023-04-18 15:48:01 -0300
  [1m[36mActiveRecord::SchemaMigration Pluck (0.1ms)[0m  [1m[34mSELECT "schema_migrations"."version" FROM "schema_migrations" ORDER BY "schema_migrations"."version" ASC[0m
Processing by Devise::SessionsController#new as HTML
  Rendering layout layouts/application.html.erb
  Rendering admins/sessions/new.html.erb within layouts/application
  Rendered admins/shared/_links.html.erb (Duration: 1.4ms | Allocations: 998)
  Rendered admins/sessions/new.html.erb within layouts/application (Duration: 46.4ms | Allocations: 46195)
  Rendered layout layouts/application.html.erb (Duration: 140.2ms | Allocations: 80604)
Completed 200 OK in 159ms (Views: 143.5ms | ActiveRecord: 0.4ms | Allocations: 105639)


Started POST "/admins/sign_in" for 127.0.0.1 at 2023-04-18 15:48:25 -0300
Processing by Devise::SessionsController#create as TURBO_STREAM
  Parameters: {"authenticity_token"=>"[FILTERED]", "admin"=>{"email"=>"sdaw@oi.com", "password"=>"[FILTERED]", "remember_me"=>"0"}, "commit"=>"Log in"}
Completed 401 Unauthorized in 2ms (ActiveRecord: 0.0ms | Allocations: 666)


Processing by Devise::SessionsController#new as TURBO_STREAM
  Parameters: {"authenticity_token"=>"[FILTERED]", "admin"=>{"email"=>"sdaw@oi.com", "password"=>"[FILTERED]", "remember_me"=>"0"}, "commit"=>"Log in"}
  Rendering layout layouts/application.html.erb
  Rendering admins/sessions/new.html.erb within layouts/application
  Rendered admins/shared/_links.html.erb (Duration: 0.4ms | Allocations: 140)
  Rendered admins/sessions/new.html.erb within layouts/application (Duration: 3.3ms | Allocations: 1340)
  Rendered layout layouts/application.html.erb (Duration: 7.6ms | Allocations: 3632)
Completed 200 OK in 10ms (Views: 8.6ms | ActiveRecord: 0.0ms | Allocations: 4327)


Started GET "/admins/sign_in" for 127.0.0.1 at 2023-04-18 15:48:58 -0300
Processing by Devise::SessionsController#new as HTML
  Rendering layout layouts/application.html.erb
  Rendering admins/sessions/new.html.erb within layouts/application
  Rendered admins/shared/_links.html.erb (Duration: 0.2ms | Allocations: 138)
  Rendered admins/sessions/new.html.erb within layouts/application (Duration: 1.3ms | Allocations: 1269)
  Rendered layout layouts/application.html.erb (Duration: 4.8ms | Allocations: 3450)
Completed 200 OK in 7ms (Views: 5.7ms | ActiveRecord: 0.0ms | Allocations: 4202)


Started GET "/admins/sign_in" for 127.0.0.1 at 2023-04-18 15:49:11 -0300
  [1m[36mActiveRecord::SchemaMigration Pluck (0.1ms)[0m  [1m[34mSELECT "schema_migrations"."version" FROM "schema_migrations" ORDER BY "schema_migrations"."version" ASC[0m
Processing by Devise::SessionsController#new as HTML
  Rendering layout layouts/application.html.erb
  Rendering admins/sessions/new.html.erb within layouts/application
  Rendered admins/shared/_links.html.erb (Duration: 1.2ms | Allocations: 998)
  Rendered admins/sessions/new.html.erb within layouts/application (Duration: 47.1ms | Allocations: 46192)
  Rendered layout layouts/application.html.erb (Duration: 138.1ms | Allocations: 80849)
Completed 200 OK in 157ms (Views: 141.5ms | ActiveRecord: 0.5ms | Allocations: 105890)


Started POST "/admins/sign_in" for 127.0.0.1 at 2023-04-18 15:49:12 -0300
Processing by Devise::SessionsController#create as TURBO_STREAM
  Parameters: {"authenticity_token"=>"[FILTERED]", "admin"=>{"email"=>"sdaw@oi.com", "password"=>"[FILTERED]", "remember_me"=>"0"}, "commit"=>"Log in"}
Completed 401 Unauthorized in 2ms (ActiveRecord: 0.0ms | Allocations: 670)


Processing by Devise::SessionsController#new as TURBO_STREAM
  Parameters: {"authenticity_token"=>"[FILTERED]", "admin"=>{"email"=>"sdaw@oi.com", "password"=>"[FILTERED]", "remember_me"=>"0"}, "commit"=>"Log in"}
  Rendering layout layouts/application.html.erb
  Rendering admins/sessions/new.html.erb within layouts/application
  Rendered admins/shared/_links.html.erb (Duration: 0.4ms | Allocations: 140)
  Rendered admins/sessions/new.html.erb within layouts/application (Duration: 3.5ms | Allocations: 1341)
  Rendered layout layouts/application.html.erb (Duration: 7.3ms | Allocations: 3633)
Completed 200 OK in 10ms (Views: 8.1ms | ActiveRecord: 0.0ms | Allocations: 4328)


Started GET "/profiles" for 127.0.0.1 at 2023-04-18 16:04:17 -0300
  [1m[36mActiveRecord::SchemaMigration Pluck (0.1ms)[0m  [1m[34mSELECT "schema_migrations"."version" FROM "schema_migrations" ORDER BY "schema_migrations"."version" ASC[0m
  
ActionController::RoutingError (No route matches [GET] "/profiles"):
  
Started GET "/" for 127.0.0.1 at 2023-04-18 16:04:21 -0300
Processing by WelcomeController#index as HTML
  Rendering layout layouts/application.html.erb
  Rendering welcome/index.html.erb within layouts/application
  Rendered welcome/index.html.erb within layouts/application (Duration: 0.5ms | Allocations: 139)
  Rendered layout layouts/application.html.erb (Duration: 39.2ms | Allocations: 34844)
Completed 200 OK in 47ms (Views: 41.0ms | ActiveRecord: 0.0ms | Allocations: 38883)


Started GET "/admins/sign_in" for 127.0.0.1 at 2023-04-18 16:04:29 -0300
Processing by Devise::SessionsController#new as HTML
  Rendering layout layouts/application.html.erb
  Rendering admins/sessions/new.html.erb within layouts/application
  Rendered admins/shared/_links.html.erb (Duration: 1.7ms | Allocations: 984)
  Rendered admins/sessions/new.html.erb within layouts/application (Duration: 42.2ms | Allocations: 46303)
  Rendered layout layouts/application.html.erb (Duration: 45.0ms | Allocations: 48687)
Completed 200 OK in 115ms (Views: 46.3ms | ActiveRecord: 0.4ms | Allocations: 68600)


Started POST "/admins/sign_in" for 127.0.0.1 at 2023-04-18 16:04:33 -0300
Processing by Devise::SessionsController#create as TURBO_STREAM
  Parameters: {"authenticity_token"=>"[FILTERED]", "admin"=>{"email"=>"teste@teste.com", "password"=>"[FILTERED]", "remember_me"=>"0"}, "commit"=>"Log in"}
Completed 401 Unauthorized in 1ms (ActiveRecord: 0.0ms | Allocations: 651)


Processing by Devise::SessionsController#new as TURBO_STREAM
  Parameters: {"authenticity_token"=>"[FILTERED]", "admin"=>{"email"=>"teste@teste.com", "password"=>"[FILTERED]", "remember_me"=>"0"}, "commit"=>"Log in"}
  Rendering layout layouts/application.html.erb
  Rendering admins/sessions/new.html.erb within layouts/application
  Rendered admins/shared/_links.html.erb (Duration: 0.2ms | Allocations: 140)
  Rendered admins/sessions/new.html.erb within layouts/application (Duration: 1.4ms | Allocations: 1341)
  Rendered layout layouts/application.html.erb (Duration: 3.4ms | Allocations: 3631)
Completed 200 OK in 4ms (Views: 3.8ms | ActiveRecord: 0.0ms | Allocations: 4325)


Started GET "/admins/sign_in" for 127.0.0.1 at 2023-04-18 16:05:59 -0300
Processing by Devise::SessionsController#new as HTML
  Rendering layout layouts/application.html.erb
  Rendering admins/sessions/new.html.erb within layouts/application
  Rendered admins/shared/_links.html.erb (Duration: 0.2ms | Allocations: 158)
  Rendered admins/sessions/new.html.erb within layouts/application (Duration: 31.3ms | Allocations: 39884)
  Rendered layout layouts/application.html.erb (Duration: 40.0ms | Allocations: 54082)
Completed 200 OK in 45ms (Views: 41.0ms | ActiveRecord: 0.6ms | Allocations: 58306)


Started POST "/admins/sign_in" for 127.0.0.1 at 2023-04-18 16:06:01 -0300
Processing by Devise::SessionsController#create as TURBO_STREAM
  Parameters: {"authenticity_token"=>"[FILTERED]", "admin"=>{"email"=>"teste@teste.com", "password"=>"[FILTERED]", "remember_me"=>"0"}, "commit"=>"Log in"}
Completed 401 Unauthorized in 2ms (ActiveRecord: 0.0ms | Allocations: 571)


Processing by Devise::SessionsController#new as TURBO_STREAM
  Parameters: {"authenticity_token"=>"[FILTERED]", "admin"=>{"email"=>"teste@teste.com", "password"=>"[FILTERED]", "remember_me"=>"0"}, "commit"=>"Log in"}
  Rendering layout layouts/application.html.erb
  Rendering admins/sessions/new.html.erb within layouts/application
  Rendered admins/shared/_links.html.erb (Duration: 0.5ms | Allocations: 138)
  Rendered admins/sessions/new.html.erb within layouts/application (Duration: 3.4ms | Allocations: 1258)
  Rendered layout layouts/application.html.erb (Duration: 8.3ms | Allocations: 3438)
Completed 200 OK in 11ms (Views: 9.2ms | ActiveRecord: 0.0ms | Allocations: 4059)


